Flutter crash report.
Please report a bug at https://github.com/flutter/flutter/issues.

## command

flutter run

## exception

NoSuchMethodError: NoSuchMethodError: The getter 'uri' was called on null.
Receiver: null
Tried calling: uri

```
#0      Object.noSuchMethod (dart:core-patch/object_patch.dart:68:5)
#1      ResidentRunner.printDebuggerList (package:flutter_tools/src/resident_runner.dart:1393:47)
#2      FlutterResidentDevtoolsHandler.serveAndAnnounceDevTools (package:flutter_tools/src/resident_devtools_handler.dart:96:23)
<asynchronous suspension>
```

## flutter doctor

```
[✓] Flutter (Channel stable, 2.8.1, on Microsoft Windows [Version 10.0.18363.1556], locale en-US)
    • Flutter version 2.8.1 at C:\Users\Admin\Flutter\Flutter\flutter
    • Upstream repository https://github.com/flutter/flutter.git
    • Framework revision 77d935af4d (9 weeks ago), 2021-12-16 08:37:33 -0800
    • Engine revision 890a5fca2e
    • Dart version 2.15.1

[✓] Android toolchain - develop for Android devices (Android SDK version 30.0.3)
    • Android SDK at C:\Users\Admin\AppData\Local\Android\Sdk
    • Platform android-30, build-tools 30.0.3
    • ANDROID_HOME = C:\Users\Admin\AppData\Local\Android\Sdk
    • Java binary at: C:\Program Files\Android\Android Studio\jre\bin\java
    • Java version OpenJDK Runtime Environment (build 11.0.8+10-b944.6842174)
    • All Android licenses accepted.

[✓] Chrome - develop for the web
    • Chrome at C:\Program Files (x86)\Google\Chrome\Application\chrome.exe

[✓] Android Studio (version 4.2)
    • Android Studio at C:\Program Files\Android\Android Studio
    • Flutter plugin can be installed from:
      🔨 https://plugins.jetbrains.com/plugin/9212-flutter
    • Dart plugin can be installed from:
      🔨 https://plugins.jetbrains.com/plugin/6351-dart
    • Java version OpenJDK Runtime Environment (build 11.0.8+10-b944.6842174)

[✓] IntelliJ IDEA Community Edition (version 2017.2)
    • IntelliJ at C:\Program Files\JetBrains\IntelliJ IDEA Community Edition 2017.2.6
    • Flutter plugin can be installed from:
      🔨 https://plugins.jetbrains.com/plugin/9212-flutter
    • Dart plugin can be installed from:
      🔨 https://plugins.jetbrains.com/plugin/6351-dart

[✓] VS Code (version 1.64.2)
    • VS Code at C:\Users\Admin\AppData\Local\Programs\Microsoft VS Code
    • Flutter extension version 3.34.0

[✓] Connected device (3 available)
    • LG H818 (mobile) • LGH818ba4a9c2c • android-arm64  • Android 6.0 (API 23)
    • Chrome (web)     • chrome         • web-javascript • Google Chrome 98.0.4758.102
    • Edge (web)       • edge           • web-javascript • Microsoft Edge 98.0.1108.56

• No issues found!
```
